#! /c/Source/iverilog-install/bin/vvp
:ivl_version "12.0 (devel)" "(s20150603-1539-g2693dd32b)";
:ivl_delay_selection "TYPICAL";
:vpi_time_precision + 0;
:vpi_module "C:\iverilog\lib\ivl\system.vpi";
:vpi_module "C:\iverilog\lib\ivl\vhdl_sys.vpi";
:vpi_module "C:\iverilog\lib\ivl\vhdl_textio.vpi";
:vpi_module "C:\iverilog\lib\ivl\v2005_math.vpi";
:vpi_module "C:\iverilog\lib\ivl\va_math.vpi";
S_000001fa129598e0 .scope module, "updown_tb" "updown_tb" 2 1;
 .timescale 0 0;
v000001fa1295bbf0_0 .var "clk", 0 0;
o000001fa129a6fb8 .functor BUFZ 1, C4<z>; HiZ drive
v000001fa1295bc90_0 .net "cllk", 0 0, o000001fa129a6fb8;  0 drivers
v000001fa129a5ec0_0 .net "count", 3 0, v000001fa129567b0_0;  1 drivers
v000001fa129a5f60_0 .var "dir", 0 0;
v000001fa129a6000_0 .var "reset", 0 0;
S_000001fa129a5d30 .scope module, "uut" "updown" 2 7, 3 1 0, S_000001fa129598e0;
 .timescale 0 0;
    .port_info 0 /INPUT 1 "clk";
    .port_info 1 /INPUT 1 "reset";
    .port_info 2 /OUTPUT 4 "count";
    .port_info 3 /INPUT 1 "dir";
v000001fa12956c30_0 .net "clk", 0 0, o000001fa129a6fb8;  alias, 0 drivers
v000001fa129567b0_0 .var "count", 3 0;
v000001fa1295bab0_0 .net "dir", 0 0, v000001fa129a5f60_0;  1 drivers
v000001fa1295bb50_0 .net "reset", 0 0, v000001fa129a6000_0;  1 drivers
E_000001fa1295c380 .event posedge, v000001fa12956c30_0;
    .scope S_000001fa129a5d30;
T_0 ;
    %wait E_000001fa1295c380;
    %load/vec4 v000001fa1295bb50_0;
    %flag_set/vec4 8;
    %jmp/0xz  T_0.0, 8;
    %pushi/vec4 0, 0, 4;
    %store/vec4 v000001fa129567b0_0, 0, 4;
    %jmp T_0.1;
T_0.0 ;
    %load/vec4 v000001fa1295bab0_0;
    %flag_set/vec4 8;
    %jmp/0xz  T_0.2, 8;
    %load/vec4 v000001fa129567b0_0;
    %addi 1, 0, 4;
    %assign/vec4 v000001fa129567b0_0, 0;
    %jmp T_0.3;
T_0.2 ;
    %load/vec4 v000001fa129567b0_0;
    %subi 1, 0, 4;
    %assign/vec4 v000001fa129567b0_0, 0;
T_0.3 ;
T_0.1 ;
    %jmp T_0;
    .thread T_0;
    .scope S_000001fa129598e0;
T_1 ;
    %delay 5, 0;
    %load/vec4 v000001fa1295bbf0_0;
    %inv;
    %store/vec4 v000001fa1295bbf0_0, 0, 1;
    %jmp T_1;
    .thread T_1;
    .scope S_000001fa129598e0;
T_2 ;
    %pushi/vec4 0, 0, 1;
    %store/vec4 v000001fa1295bbf0_0, 0, 1;
    %pushi/vec4 1, 0, 1;
    %store/vec4 v000001fa129a6000_0, 0, 1;
    %pushi/vec4 1, 0, 1;
    %store/vec4 v000001fa129a5f60_0, 0, 1;
    %delay 10, 0;
    %pushi/vec4 0, 0, 1;
    %store/vec4 v000001fa129a6000_0, 0, 1;
    %delay 40, 0;
    %pushi/vec4 0, 0, 1;
    %store/vec4 v000001fa129a5f60_0, 0, 1;
    %delay 40, 0;
    %pushi/vec4 1, 0, 1;
    %store/vec4 v000001fa129a5f60_0, 0, 1;
    %delay 30, 0;
    %vpi_call 2 19 "$finish" {0 0 0};
    %end;
    .thread T_2;
# The file index is used to find the file name in the following table.
:file_names 4;
    "N/A";
    "<interactive>";
    "updown_tb.v";
    "updown.v";
